__libc_init(0x7fd43e0aa0, 0, 0x58069da228, 0x7fd43e0a60 <unfinished ...>
dual_timestamp_from_monotonic(0x7fd43e0990, 0, 0x7fd43e0ac0, 0x7fd43e0a60) = 0x7fd43e0990
dual_timestamp_now(0x7fd43e09a0, 0x63c30c0a4, 0x650e76d8eaa93, 0xffffffff960942bd) = 0x7fd43e09a0
strcmp("--system", "--switched-root")                 = 33
startswith_internal(0x7fd43e1c46, 0x58069d2a00, 151, 0x7697463686564000) = 0
strcmp("--system", "--deserialize")                   = 120
prctl(15, 0x5806a06d00, 155, 0x232b9b2b934b0b60)      = 0
save_argc_argv(2, 0x7fd43e0aa8, 155, 0x232b9b2b934b0b60) = 2
strv_copy_n(0x7fd43e0ac0, -1, 155, 0x232b9b2b934b0b60) = 0xb4000074e7a0a000
strv_free(0, 0x7fd43e2f94, 45, 0xff00000000000000)    = 0
log_set_upgrade_syslog_to_journal(1, 0x7fd43e2f94, 45, 0xff00000000000000) = 1
getpid_cached(1, 0x7fd43e2f94, 45, 0xff00000000000000) = 5680
log_set_always_reopen_console(1, 0, 0, 0x74efa8ea40)  = 1
log_set_target_and_open(7, 0, 0, 0x74efa8ea40)        = 0xfffffff3
mac_init(0xfffffff3, 0x74ef3c5552, 0x80101, 0)        = 0
getrlimit(7, 0x7fd43e0960, 0, 0)                      = 0
getrlimit(8, 0x7fd43e0950, 0, 0)                      = 0
reset_all_signal_handlers(0, 0x7fd43e0950, 0, 0)      = 0
sigaction_many_internal(0x74ef438318, 13, 0xffffffff, 8) = 0
free(nil)                                             = <void>
free(nil)                                             = <void>
unit_defaults_done(0x5806a06dc8, 0x7fd43e0950, 0, 8)  = 0
unit_defaults_init(0x5806a06dc8, 1, 0, 8)             = 0x5806a06dc8
free(nil)                                             = <void>
free(nil)                                             = <void>
free(nil)                                             = <void>
strv_free(0, 0, 0, 0x5806a06e80)                      = 0
strv_free(0, 0, 0, 0x5806a06e80)                      = 0
_hashmap_free(0, 0, 0, 0x5806a06e80)                  = 0
cpu_set_done(0x5806a06d70, 0, 0, 0x5806a06e80)        = 0x5806a06d70
cpu_set_done(0x5806a06d88, 0, 0, 0x5806a06e80)        = 0x5806a06d88
free(nil)                                             = <void>
sd_path_lookup(21, 0x58069d2d19, 0x7fd43df938, 15)    = 0
strv_extendf_with_size(0x7fd43df930, 0, 0x58069d350a, 0xb4000074e7a111c0) = 0
strv_extend_with_size(0x7fd43df930, 0, 0x58069d0995, 0x74e7a015e8) = 0
strv_consume_with_size(0x7fd43df928, 0, 0xb4000074e7a111c0, 32) = 0
strv_extend_strv(0x7fd43df928, 0x7fd43df940, 0, 32)   = 4
free(nil)                                             = <void>
config_parse_many_full(0xb4000074e7a151e0, 0xb4000074e7a11180, 0x58069d449c, 0) = 0
strv_free(0xb4000074e7a11180, 0x7fd43df740, 0x7fd43df758, 0x7fd43df760) = 0
strv_free(0xb4000074e7a151e0, 0xb4000074e7a11180, 32, 4) = 0
log_parse_environment(0, 0xb4000074e7a151e0, 32, 2)   = 0
memdup(0x7fd43e0960, 16, 16, 2)                       = 0xb4000074e7a05060
memdup(0x7fd43e0950, 16, 16, 2)                       = 0xb4000074e7a05050
getuid()                                              = 10244
get_oom_score_adjust(0x7fd43e06c4, 0x7fd43e0950, 16, 2) = 0
getpid_cached(2, 0x7fd43e0aa8, 8, 0)                  = 5680
getopt_long_fix(2, 0x7fd43e0aa8, 0x58069d4559, 0x5806a01c08) = 262
getopt_long_fix(2, 0x7fd43e0aa8, 0x58069d4559, 0x5806a01c08) = 0xffffffff
getpid_cached(0, 0, 0x74e7f25000, 0x5806a01c08)       = 5680
getpid_cached(5680, 0xffffffff, 0x74efaf12d8, 0x5806a01c08) = 5680
running_in_chroot(5680, 0xffffffff, 0x74efaf12d8, 0x5806a01c08) = 0xffffffda
chdir("/")                                            = 0
getpid_cached(0, 0x9fa0, 0x280000, 0)                 = 5680
log_close(5680, 0xffffffff, 0x74efaf12d8, 0)          = 0xfffffff7
fdset_new_fill(0, 0x7fd43e0910, 0x74efaf12d8, 0)      = 0
terminal_detach_session(0, 0xb4000074e7a02800, 4200, 29) = 0xfffffffa
getpid_cached(0xfffffffa, 0x74ef360594, 0x80902, 0)   = 5680
log_open(0, 0xffffffff, 0x74efaf12d8, 0)              = 0xfffffff3
strstr("systemd 261~devel running in %ss"..., "%m")   = nil
log_get_max_level(0, 37, 0x58069d2e40, 38)            = 6
log_internal(6, 0, 0x58069d7c53, 2400)                = 0
detect_virtualization(0, 0, 0x58069d7c53, 2400)       = 0xfffffff3
detect_confidential_virtualization(0xfffffff3, 0x74ef3d4a3c, 0x84000, 0) = 0
strstr("Detected architecture %s.", "%m")             = nil
log_get_max_level(0, 37, 0x58069d3620, 14)            = 6
uname_architecture(6, 37, 0x58069d3620, 14)           = 4
architecture_to_string(4, 0x7fd43e0311, 0, 0)         = 0x74ef3c080e
log_internal(6, 0, 0x58069d7c53, 2410)                = 0
in_initrd(0, 0, 0x58069d7c53, 2410)                   = 0
proc_cmdline_get_bool(0x58069d4977, 0, 0x7fd43e05b1, 0) = 0xfffffff3
log_get_max_level(0xfffffff3, 0x74ef3d4595, 0x80000, 0) = 6
read_one_line_file_at(0xffffff9c, 0x58069d0217, 0x7fd43e05a8, 0) = 0xfffffffe
strstr("Detected first boot.", "%m")                  = nil
log_get_max_level(0, 37, 0x58069d6740, 45)            = 6
log_internal(6, 0, 0x58069d7c53, 2442)                = 0
free(nil)                                             = <void>
uname(0x7fd43e05b2)                                   = 0
strverscmp_improved(0x7fd43e0634, 0x58069d4cae, 0x58069d7c53, 2442) = 0xffffffff
strstr("Warning! Reported kernel version"..., "%m")   = nil
log_get_max_level(0, 37, 0x58069d55e0, 44)            = 6
log_internal(4, 0, 0x58069d7c53, 2452)                = 0
cg_has_legacy(0, 0, 0x58069d7c53, 2452)               = 1
log_get_max_level(1, 0, 0x74ef388210, 484)            = 6
log_internal(0, 0x40000047, 0x58069d7c53, 3368)       = 0xffffffb9
pager_close(-71, 0x40000047, 0x58069d7c53, 3368)      = 0
mac_selinux_finish(0, 0x40000047, 0x58069d7c53, 3368) = 0
safe_fclose(0, 0x40000047, 0x58069d7c53, 3368)        = 0
fdset_free(0xb4000074e7a3a018, 0x40000047, 0x58069d7c53, 3368) = 0
strv_free(0xb4000074e7a0a000, 0xb4000074e7a3a018, 4, 3368) = 0
sd_notifyf(0, 0x58069d0951, 71, 15)                   = 0
sd_notifyf(0, 0x58069d70d7, 1, 8)                     = 0
watchdog_set_device(0, 0xb4000074e7a2f080, 0, 8)      = 0
free(nil)                                             = <void>
getpid_cached(0, 0, 0, 8)                             = 5680
free(nil)                                             = <void>
free(nil)                                             = <void>
unit_defaults_done(0x5806a06dc8, 0xffffffff, 0x74efaf12d8, 8) = 0
unit_defaults_init(0x5806a06dc8, 0, 0x74efaf12d8, 1)  = 0x5806a06dc8
free(nil)                                             = <void>
free(nil)                                             = <void>
free(nil)                                             = <void>
strv_free(0, 0, 0, 0x5806a06e80)                      = 0
strv_free(0, 0, 0, 0x5806a06e80)                      = 0
_hashmap_free(0, 0, 0, 0x5806a06e80)                  = 0
cpu_set_done(0x5806a06d70, 0, 0, 0x5806a06e80)        = 0x5806a06d70
cpu_set_done(0x5806a06d88, 0, 0, 0x5806a06e80)        = 0x5806a06d88
free(nil)                                             = <void>
+++ exited (status 1) +++
